This is pdfTeX, Version 3.14159265-2.6-1.40.15 (TeX Live 2014) (preloaded format=pdflatex 2014.10.1)  9 OCT 2015 18:15
entering extended mode
 restricted \write18 enabled.
 %&-line parsing enabled.
**homebook.tex
(./homebook.tex
LaTeX2e <2014/05/01>
Babel <3.9k> and hyphenation patterns for 78 languages loaded.
(/usr/local/texlive/2014/texmf-dist/tex/latex/base/book.cls
Document Class: book 2007/10/19 v1.4h Standard LaTeX document class
(/usr/local/texlive/2014/texmf-dist/tex/latex/base/bk10.clo
File: bk10.clo 2007/10/19 v1.4h Standard LaTeX file (size option)
)
\c@part=\count79
\c@chapter=\count80
\c@section=\count81
\c@subsection=\count82
\c@subsubsection=\count83
\c@paragraph=\count84
\c@subparagraph=\count85
\c@figure=\count86
\c@table=\count87
\abovecaptionskip=\skip41
\belowcaptionskip=\skip42
\bibindent=\dimen102
)
(/usr/local/texlive/2014/texmf-dist/tex/generic/babel/babel.sty
Package: babel 2014/03/24 3.9k The Babel package

(/usr/local/texlive/2014/texmf-dist/tex/generic/babel-english/english.ldf
Language: english 2012/08/20 v3.3p English support from the babel system

(/usr/local/texlive/2014/texmf-dist/tex/generic/babel/babel.def
File: babel.def 2014/03/24 3.9k Babel common definitions
\babel@savecnt=\count88
\U@D=\dimen103
)
\l@canadian = a dialect from \language\l@american 
\l@australian = a dialect from \language\l@british 
\l@newzealand = a dialect from \language\l@british 
))
(/usr/local/texlive/2014/texmf-dist/tex/latex/fancyhdr/fancyhdr.sty
\fancy@headwidth=\skip43
\f@ncyO@elh=\skip44
\f@ncyO@erh=\skip45
\f@ncyO@olh=\skip46
\f@ncyO@orh=\skip47
\f@ncyO@elf=\skip48
\f@ncyO@erf=\skip49
\f@ncyO@olf=\skip50
\f@ncyO@orf=\skip51
)
(/usr/local/texlive/2014/texmf-dist/tex/latex/base/makeidx.sty
Package: makeidx 2000/03/29 v1.0m Standard LaTeX package
) (./titlesec.sty
Package: titlesec 2001/01/23 v2.4 Sectioning titles
\ttl@box=\box26
\titlewidth=\dimen104
(./titlesec.new *** titlesec 2.4, loading patch level 2 ***))
(/usr/local/texlive/2014/texmf-dist/tex/latex/listings/listings.sty
(/usr/local/texlive/2014/texmf-dist/tex/latex/graphics/keyval.sty
Package: keyval 2014/05/08 v1.15 key=value parser (DPC)
\KV@toks@=\toks14
)
\lst@mode=\count89
\lst@gtempboxa=\box27
\lst@token=\toks15
\lst@length=\count90
\lst@currlwidth=\dimen105
\lst@column=\count91
\lst@pos=\count92
\lst@lostspace=\dimen106
\lst@width=\dimen107
\lst@newlines=\count93
\lst@lineno=\count94
\lst@maxwidth=\dimen108

(/usr/local/texlive/2014/texmf-dist/tex/latex/listings/lstmisc.sty
File: lstmisc.sty 2014/03/04 1.5c (Carsten Heinz)
\c@lstnumber=\count95
\lst@skipnumbers=\count96
\lst@framebox=\box28
)
(/usr/local/texlive/2014/texmf-dist/tex/latex/listings/listings.cfg
File: listings.cfg 2014/03/04 1.5c listings configuration
))
Package: listings 2014/03/04 1.5c (Carsten Heinz)

(/usr/local/texlive/2014/texmf-dist/tex/latex/graphics/graphicx.sty
Package: graphicx 2014/04/25 v1.0g Enhanced LaTeX Graphics (DPC,SPQR)

(/usr/local/texlive/2014/texmf-dist/tex/latex/graphics/graphics.sty
Package: graphics 2009/02/05 v1.0o Standard LaTeX Graphics (DPC,SPQR)

(/usr/local/texlive/2014/texmf-dist/tex/latex/graphics/trig.sty
Package: trig 1999/03/16 v1.09 sin cos tan (DPC)
)
(/usr/local/texlive/2014/texmf-dist/tex/latex/latexconfig/graphics.cfg
File: graphics.cfg 2010/04/23 v1.9 graphics configuration of TeX Live
)
Package graphics Info: Driver file: pdftex.def on input line 91.

(/usr/local/texlive/2014/texmf-dist/tex/latex/pdftex-def/pdftex.def
File: pdftex.def 2011/05/27 v0.06d Graphics/color for pdfTeX

(/usr/local/texlive/2014/texmf-dist/tex/generic/oberdiek/infwarerr.sty
Package: infwarerr 2010/04/08 v1.3 Providing info/warning/error messages (HO)
)
(/usr/local/texlive/2014/texmf-dist/tex/generic/oberdiek/ltxcmds.sty
Package: ltxcmds 2011/11/09 v1.22 LaTeX kernel commands for general use (HO)
)
\Gread@gobject=\count97
))
\Gin@req@height=\dimen109
\Gin@req@width=\dimen110
)
(/usr/local/texlive/2014/texmf-dist/tex/latex/amsmath/amsmath.sty
Package: amsmath 2013/01/14 v2.14 AMS math features
\@mathmargin=\skip52

For additional information on amsmath, use the `?' option.
(/usr/local/texlive/2014/texmf-dist/tex/latex/amsmath/amstext.sty
Package: amstext 2000/06/29 v2.01

(/usr/local/texlive/2014/texmf-dist/tex/latex/amsmath/amsgen.sty
File: amsgen.sty 1999/11/30 v2.0
\@emptytoks=\toks16
\ex@=\dimen111
))
(/usr/local/texlive/2014/texmf-dist/tex/latex/amsmath/amsbsy.sty
Package: amsbsy 1999/11/29 v1.2d
\pmbraise@=\dimen112
)
(/usr/local/texlive/2014/texmf-dist/tex/latex/amsmath/amsopn.sty
Package: amsopn 1999/12/14 v2.01 operator names
)
\inf@bad=\count98
LaTeX Info: Redefining \frac on input line 210.
\uproot@=\count99
\leftroot@=\count100
LaTeX Info: Redefining \overline on input line 306.
\classnum@=\count101
\DOTSCASE@=\count102
LaTeX Info: Redefining \ldots on input line 378.
LaTeX Info: Redefining \dots on input line 381.
LaTeX Info: Redefining \cdots on input line 466.
\Mathstrutbox@=\box29
\strutbox@=\box30
\big@size=\dimen113
LaTeX Font Info:    Redeclaring font encoding OML on input line 566.
LaTeX Font Info:    Redeclaring font encoding OMS on input line 567.
\macc@depth=\count103
\c@MaxMatrixCols=\count104
\dotsspace@=\muskip10
\c@parentequation=\count105
\dspbrk@lvl=\count106
\tag@help=\toks17
\row@=\count107
\column@=\count108
\maxfields@=\count109
\andhelp@=\toks18
\eqnshift@=\dimen114
\alignsep@=\dimen115
\tagshift@=\dimen116
\tagwidth@=\dimen117
\totwidth@=\dimen118
\lineht@=\dimen119
\@envbody=\toks19
\multlinegap=\skip53
\multlinetaggap=\skip54
\mathdisplay@stack=\toks20
LaTeX Info: Redefining \[ on input line 2665.
LaTeX Info: Redefining \] on input line 2666.
)
(/usr/local/texlive/2014/texmf-dist/tex/latex/amsfonts/amsfonts.sty
Package: amsfonts 2013/01/14 v3.01 Basic AMSFonts support
\symAMSa=\mathgroup4
\symAMSb=\mathgroup5
LaTeX Font Info:    Overwriting math alphabet `\mathfrak' in version `bold'
(Font)                  U/euf/m/n --> U/euf/b/n on input line 106.
)
(/usr/local/texlive/2014/texmf-dist/tex/latex/amscls/amsthm.sty
Package: amsthm 2004/08/06 v2.20
\thm@style=\toks21
\thm@bodyfont=\toks22
\thm@headfont=\toks23
\thm@notefont=\toks24
\thm@headpunct=\toks25
\thm@preskip=\skip55
\thm@postskip=\skip56
\thm@headsep=\skip57
\dth@everypar=\toks26
)
(/usr/local/texlive/2014/texmf-dist/tex/latex/amsfonts/amssymb.sty
Package: amssymb 2013/01/14 v3.01 AMS font symbols
)
(/usr/local/texlive/2014/texmf-dist/tex/latex/multirow/multirow.sty
\bigstrutjot=\dimen120
)
(/usr/local/texlive/2014/texmf-dist/tex/latex/hyperref/hyperref.sty
Package: hyperref 2012/11/06 v6.83m Hypertext links for LaTeX

(/usr/local/texlive/2014/texmf-dist/tex/generic/oberdiek/hobsub-hyperref.sty
Package: hobsub-hyperref 2012/05/28 v1.13 Bundle oberdiek, subset hyperref (HO)


(/usr/local/texlive/2014/texmf-dist/tex/generic/oberdiek/hobsub-generic.sty
Package: hobsub-generic 2012/05/28 v1.13 Bundle oberdiek, subset generic (HO)
Package: hobsub 2012/05/28 v1.13 Construct package bundles (HO)
Package hobsub Info: Skipping package `infwarerr' (already loaded).
Package hobsub Info: Skipping package `ltxcmds' (already loaded).
Package: ifluatex 2010/03/01 v1.3 Provides the ifluatex switch (HO)
Package ifluatex Info: LuaTeX not detected.
Package: ifvtex 2010/03/01 v1.5 Detect VTeX and its facilities (HO)
Package ifvtex Info: VTeX not detected.
Package: intcalc 2007/09/27 v1.1 Expandable calculations with integers (HO)
Package: ifpdf 2011/01/30 v2.3 Provides the ifpdf switch (HO)
Package ifpdf Info: pdfTeX in PDF mode is detected.
Package: etexcmds 2011/02/16 v1.5 Avoid name clashes with e-TeX commands (HO)
Package etexcmds Info: Could not find \expanded.
(etexcmds)             That can mean that you are not using pdfTeX 1.50 or
(etexcmds)             that some package has redefined \expanded.
(etexcmds)             In the latter case, load this package earlier.
Package: kvsetkeys 2012/04/25 v1.16 Key value parser (HO)
Package: kvdefinekeys 2011/04/07 v1.3 Define keys (HO)
Package: pdftexcmds 2011/11/29 v0.20 Utility functions of pdfTeX for LuaTeX (HO
)
Package pdftexcmds Info: LuaTeX not detected.
Package pdftexcmds Info: \pdf@primitive is available.
Package pdftexcmds Info: \pdf@ifprimitive is available.
Package pdftexcmds Info: \pdfdraftmode found.
Package: pdfescape 2011/11/25 v1.13 Implements pdfTeX's escape features (HO)
Package: bigintcalc 2012/04/08 v1.3 Expandable calculations on big integers (HO
)
Package: bitset 2011/01/30 v1.1 Handle bit-vector datatype (HO)
Package: uniquecounter 2011/01/30 v1.2 Provide unlimited unique counter (HO)
)
Package hobsub Info: Skipping package `hobsub' (already loaded).
Package: letltxmacro 2010/09/02 v1.4 Let assignment for LaTeX macros (HO)
Package: hopatch 2012/05/28 v1.2 Wrapper for package hooks (HO)
Package: xcolor-patch 2011/01/30 xcolor patch
Package: atveryend 2011/06/30 v1.8 Hooks at the very end of document (HO)
Package atveryend Info: \enddocument detected (standard20110627).
Package: atbegshi 2011/10/05 v1.16 At begin shipout hook (HO)
Package: refcount 2011/10/16 v3.4 Data extraction from label references (HO)
Package: hycolor 2011/01/30 v1.7 Color options for hyperref/bookmark (HO)
)
(/usr/local/texlive/2014/texmf-dist/tex/generic/ifxetex/ifxetex.sty
Package: ifxetex 2010/09/12 v0.6 Provides ifxetex conditional
)
(/usr/local/texlive/2014/texmf-dist/tex/latex/oberdiek/auxhook.sty
Package: auxhook 2011/03/04 v1.3 Hooks for auxiliary files (HO)
)
(/usr/local/texlive/2014/texmf-dist/tex/latex/oberdiek/kvoptions.sty
Package: kvoptions 2011/06/30 v3.11 Key value format for package options (HO)
)
\@linkdim=\dimen121
\Hy@linkcounter=\count110
\Hy@pagecounter=\count111

(/usr/local/texlive/2014/texmf-dist/tex/latex/hyperref/pd1enc.def
File: pd1enc.def 2012/11/06 v6.83m Hyperref: PDFDocEncoding definition (HO)
)
\Hy@SavedSpaceFactor=\count112

(/usr/local/texlive/2014/texmf-dist/tex/latex/latexconfig/hyperref.cfg
File: hyperref.cfg 2002/06/06 v1.2 hyperref configuration of TeXLive
)
Package hyperref Info: Hyper figures OFF on input line 4443.
Package hyperref Info: Link nesting OFF on input line 4448.
Package hyperref Info: Hyper index ON on input line 4451.
Package hyperref Info: Plain pages OFF on input line 4458.
Package hyperref Info: Backreferencing OFF on input line 4463.
Package hyperref Info: Implicit mode ON; LaTeX internals redefined.
Package hyperref Info: Bookmarks ON on input line 4688.
\c@Hy@tempcnt=\count113

(/usr/local/texlive/2014/texmf-dist/tex/latex/url/url.sty
\Urlmuskip=\muskip11
Package: url 2013/09/16  ver 3.4  Verb mode for urls, etc.
)
LaTeX Info: Redefining \url on input line 5041.
\XeTeXLinkMargin=\dimen122
\Fld@menulength=\count114
\Field@Width=\dimen123
\Fld@charsize=\dimen124
Package hyperref Info: Hyper figures OFF on input line 6295.
Package hyperref Info: Link nesting OFF on input line 6300.
Package hyperref Info: Hyper index ON on input line 6303.
Package hyperref Info: backreferencing OFF on input line 6310.
Package hyperref Info: Link coloring OFF on input line 6315.
Package hyperref Info: Link coloring with OCG OFF on input line 6320.
Package hyperref Info: PDF/A mode OFF on input line 6325.
LaTeX Info: Redefining \ref on input line 6365.
LaTeX Info: Redefining \pageref on input line 6369.
\Hy@abspage=\count115
\c@Item=\count116
\c@Hfootnote=\count117
)

Package hyperref Message: Driver (autodetected): hpdftex.

(/usr/local/texlive/2014/texmf-dist/tex/latex/hyperref/hpdftex.def
File: hpdftex.def 2012/11/06 v6.83m Hyperref driver for pdfTeX
\Fld@listcount=\count118
\c@bookmark@seq@number=\count119

(/usr/local/texlive/2014/texmf-dist/tex/latex/oberdiek/rerunfilecheck.sty
Package: rerunfilecheck 2011/04/15 v1.7 Rerun checks for auxiliary files (HO)
Package uniquecounter Info: New unique counter `rerunfilecheck' on input line 2
82.
)
\Hy@SectionHShift=\skip58
)
(/usr/local/texlive/2014/texmf-dist/tex/latex/xcolor/xcolor.sty
Package: xcolor 2007/01/21 v2.11 LaTeX color extensions (UK)

(/usr/local/texlive/2014/texmf-dist/tex/latex/latexconfig/color.cfg
File: color.cfg 2007/01/18 v1.5 color configuration of teTeX/TeXLive
)
Package xcolor Info: Driver file: pdftex.def on input line 225.
Package xcolor Info: Model `cmy' substituted by `cmy0' on input line 1337.
Package xcolor Info: Model `hsb' substituted by `rgb' on input line 1341.
Package xcolor Info: Model `RGB' extended on input line 1353.
Package xcolor Info: Model `HTML' substituted by `rgb' on input line 1355.
Package xcolor Info: Model `Hsb' substituted by `hsb' on input line 1356.
Package xcolor Info: Model `tHsb' substituted by `hsb' on input line 1357.
Package xcolor Info: Model `HSB' substituted by `hsb' on input line 1358.
Package xcolor Info: Model `Gray' substituted by `gray' on input line 1359.
Package xcolor Info: Model `wave' substituted by `hsb' on input line 1360.
)
Package hyperref Info: Option `colorlinks' set `true' on input line 97.
\@indexfile=\write3
\openout3 = `homebook.idx'.


Writing index file homebook.idx

LaTeX Warning: Unused global option(s):
    [makeidx].

(./homebook.aux)
\openout1 = `homebook.aux'.

LaTeX Font Info:    Checking defaults for OML/cmm/m/it on input line 122.
LaTeX Font Info:    ... okay on input line 122.
LaTeX Font Info:    Checking defaults for T1/cmr/m/n on input line 122.
LaTeX Font Info:    ... okay on input line 122.
LaTeX Font Info:    Checking defaults for OT1/cmr/m/n on input line 122.
LaTeX Font Info:    ... okay on input line 122.
LaTeX Font Info:    Checking defaults for OMS/cmsy/m/n on input line 122.
LaTeX Font Info:    ... okay on input line 122.
LaTeX Font Info:    Checking defaults for OMX/cmex/m/n on input line 122.
LaTeX Font Info:    ... okay on input line 122.
LaTeX Font Info:    Checking defaults for U/cmr/m/n on input line 122.
LaTeX Font Info:    ... okay on input line 122.
LaTeX Font Info:    Checking defaults for PD1/pdf/m/n on input line 122.
LaTeX Font Info:    ... okay on input line 122.
\c@lstlisting=\count120

(/usr/local/texlive/2014/texmf-dist/tex/context/base/supp-pdf.mkii
[Loading MPS to PDF converter (version 2006.09.02).]
\scratchcounter=\count121
\scratchdimen=\dimen125
\scratchbox=\box31
\nofMPsegments=\count122
\nofMParguments=\count123
\everyMPshowfont=\toks27
\MPscratchCnt=\count124
\MPscratchDim=\dimen126
\MPnumerator=\count125
\makeMPintoPDFobject=\count126
\everyMPtoPDFconversion=\toks28
) (/usr/local/texlive/2014/texmf-dist/tex/latex/oberdiek/epstopdf-base.sty
Package: epstopdf-base 2010/02/09 v2.5 Base part for package epstopdf

(/usr/local/texlive/2014/texmf-dist/tex/latex/oberdiek/grfext.sty
Package: grfext 2010/08/19 v1.1 Manage graphics extensions (HO)
)
Package grfext Info: Graphics extension search list:
(grfext)             [.png,.pdf,.jpg,.mps,.jpeg,.jbig2,.jb2,.PNG,.PDF,.JPG,.JPE
G,.JBIG2,.JB2,.eps]
(grfext)             \AppendGraphicsExtensions on input line 452.

(/usr/local/texlive/2014/texmf-dist/tex/latex/latexconfig/epstopdf-sys.cfg
File: epstopdf-sys.cfg 2010/07/13 v1.3 Configuration of (r)epstopdf for TeX Liv
e
))
\AtBeginShipoutBox=\box32
Package hyperref Info: Link coloring ON on input line 122.

(/usr/local/texlive/2014/texmf-dist/tex/latex/hyperref/nameref.sty
Package: nameref 2012/10/27 v2.43 Cross-referencing by name of section

(/usr/local/texlive/2014/texmf-dist/tex/generic/oberdiek/gettitlestring.sty
Package: gettitlestring 2010/12/03 v1.4 Cleanup title references (HO)
)
\c@section@level=\count127
)
LaTeX Info: Redefining \ref on input line 122.
LaTeX Info: Redefining \pageref on input line 122.
LaTeX Info: Redefining \nameref on input line 122.

(./homebook.out) (./homebook.out)
\@outlinefile=\write4
\openout4 = `homebook.out'.


<./logopoli.jpg, id=128, 241.70569pt x 241.70569pt>
File: ./logopoli.jpg Graphic file (type jpg)
 <use ./logopoli.jpg>
Package pdftex.def Info: ./logopoli.jpg used on input line 127.
(pdftex.def)             Requested size: 85.35826pt x 85.358pt.

[1



{/usr/local/texlive/2014/texmf-var/fonts/map/pdftex/updmap/pdftex.map} <./logop
oli.jpg>]
LaTeX Font Info:    Try loading font information for OMS+cmr on input line 164.

 (/usr/local/texlive/2014/texmf-dist/tex/latex/base/omscmr.fd
File: omscmr.fd 1999/05/25 v2.5h Standard LaTeX font definitions
)
LaTeX Font Info:    Font shape `OMS/cmr/m/n' in size <10> not available
(Font)              Font shape `OMS/cmsy/m/n' tried instead on input line 164.
LaTeX Font Info:    Try loading font information for U+msa on input line 172.

(/usr/local/texlive/2014/texmf-dist/tex/latex/amsfonts/umsa.fd
File: umsa.fd 2013/01/14 v3.01 AMS symbols A
)
LaTeX Font Info:    Try loading font information for U+msb on input line 172.

(/usr/local/texlive/2014/texmf-dist/tex/latex/amsfonts/umsb.fd
File: umsb.fd 2013/01/14 v3.01 AMS symbols B
)pdfTeX warning (ext4): destination with the same identifier (name{page.i}) has
 been already used, duplicate ignored
<to be read again> 
                   \relax 
l.174 \tableofcontents
                       [1

] (./homebook.toc)
\tf@toc=\write5
\openout5 = `homebook.toc'.

 [2

]
(/usr/local/texlive/2014/texmf-dist/tex/latex/listings/lstlang1.sty
File: lstlang1.sty 2014/03/04 1.5c listings language file
)
(./master.tex
Chapter 1.
[1


]
Chapter 2.
<fig/dlx.jpg, id=186, 144.54pt x 99.85304pt>
File: fig/dlx.jpg Graphic file (type jpg)
 <use fig/dlx.jpg>
Package pdftex.def Info: fig/dlx.jpg used on input line 91.
(pdftex.def)             Requested size: 352.8155pt x 243.75076pt.

<fig/cu.jpg, id=187, 144.54pt x 99.85304pt>
File: fig/cu.jpg Graphic file (type jpg)
 <use fig/cu.jpg>
Package pdftex.def Info: fig/cu.jpg used on input line 97.
(pdftex.def)             Requested size: 352.8155pt x 243.75076pt.

<fig/cg.jpg, id=188, 144.54pt x 100.2144pt>
File: fig/cg.jpg Graphic file (type jpg)
 <use fig/cg.jpg>
Package pdftex.def Info: fig/cg.jpg used on input line 103.
(pdftex.def)             Requested size: 352.8155pt x 244.63284pt.

<fig/sg.jpg, id=189, 144.54pt x 99.61215pt>
File: fig/sg.jpg Graphic file (type jpg)
 <use fig/sg.jpg>
Package pdftex.def Info: fig/sg.jpg used on input line 109.
(pdftex.def)             Requested size: 352.8155pt x 243.16273pt.

<fig/br.jpg, id=190, 144.54pt x 100.2144pt>
File: fig/br.jpg Graphic file (type jpg)
 <use fig/br.jpg>
Package pdftex.def Info: fig/br.jpg used on input line 115.
(pdftex.def)             Requested size: 352.8155pt x 244.63284pt.

<fig/dp1.jpg, id=191, 144.54pt x 99.9735pt>
File: fig/dp1.jpg Graphic file (type jpg)
 <use fig/dp1.jpg>
Package pdftex.def Info: fig/dp1.jpg used on input line 121.
(pdftex.def)             Requested size: 352.8155pt x 244.04477pt.

<fig/dp2.jpg, id=192, 144.54pt x 98.40765pt>
File: fig/dp2.jpg Graphic file (type jpg)
 <use fig/dp2.jpg>
Package pdftex.def Info: fig/dp2.jpg used on input line 127.
(pdftex.def)             Requested size: 352.8155pt x 240.22243pt.

<fig/dp3.jpg, id=193, 144.54pt x 98.769pt>
File: fig/dp3.jpg Graphic file (type jpg)
 <use fig/dp3.jpg>
Package pdftex.def Info: fig/dp3.jpg used on input line 133.
(pdftex.def)             Requested size: 352.8155pt x 241.10446pt.

<fig/dp4.jpg, id=194, 144.54pt x 101.29845pt>
File: fig/dp4.jpg Graphic file (type jpg)
 <use fig/dp4.jpg>
Package pdftex.def Info: fig/dp4.jpg used on input line 139.
(pdftex.def)             Requested size: 352.8155pt x 247.2791pt.

<fig/dp5.jpg, id=195, 144.54pt x 101.4189pt>
File: fig/dp5.jpg Graphic file (type jpg)
 <use fig/dp5.jpg>
Package pdftex.def Info: fig/dp5.jpg used on input line 145.
(pdftex.def)             Requested size: 352.8155pt x 247.57315pt.

<fig/alu.jpg, id=196, 144.54pt x 100.2144pt>
File: fig/alu.jpg Graphic file (type jpg)
 <use fig/alu.jpg>
Package pdftex.def Info: fig/alu.jpg used on input line 151.
(pdftex.def)             Requested size: 352.8155pt x 244.63284pt.

<fig/mul.jpg, id=197, 144.54pt x 98.769pt>
File: fig/mul.jpg Graphic file (type jpg)
 <use fig/mul.jpg>
Package pdftex.def Info: fig/mul.jpg used on input line 157.
(pdftex.def)             Requested size: 352.8155pt x 241.10446pt.

<fig/div.jpg, id=198, 144.54pt x 101.05756pt>
File: fig/div.jpg Graphic file (type jpg)
 <use fig/div.jpg>
Package pdftex.def Info: fig/div.jpg used on input line 163.
(pdftex.def)             Requested size: 352.8155pt x 246.69107pt.

<fig/ir.jpg, id=199, 144.54pt x 99.2508pt>
File: fig/ir.jpg Graphic file (type jpg)
 <use fig/ir.jpg>
Package pdftex.def Info: fig/ir.jpg used on input line 169.
(pdftex.def)             Requested size: 352.8155pt x 242.28058pt.

<fig/dr.jpg, id=200, 144.54pt x 102.74385pt>
File: fig/dr.jpg Graphic file (type jpg)
 <use fig/dr.jpg>
Package pdftex.def Info: fig/dr.jpg used on input line 175.
(pdftex.def)             Requested size: 352.8155pt x 250.80745pt.

<fig/fwd.jpg, id=201, 144.54pt x 99.4917pt>
File: fig/fwd.jpg Graphic file (type jpg)
 <use fig/fwd.jpg>
Package pdftex.def Info: fig/fwd.jpg used on input line 181.
(pdftex.def)             Requested size: 352.8155pt x 242.86865pt.
 [2

] [3 <./fig/dlx.jpg> <./fig/cu.jpg>] [4 <./fig/cg.jpg> <./fig/sg.jpg>] [5 <./fi
g/br.jpg> <./fig/dp1.jpg>] [6 <./fig/dp2.jpg> <./fig/dp3.jpg>] [7 <./fig/dp4.jp
g> <./fig/dp5.jpg>] [8 <./fig/alu.jpg> <./fig/mul.jpg>] [9 <./fig/div.jpg> <./f
ig/ir.jpg>]
[10 <./fig/dr.jpg> <./fig/fwd.jpg>]
Chapter 3.
[11

] [12] [13] [14] <fig/bpu_rule.png, id=301, 803.0pt x 165.61874pt>
File: fig/bpu_rule.png Graphic file (type png)

<use fig/bpu_rule.png>
Package pdftex.def Info: fig/bpu_rule.png used on input line 480.
(pdftex.def)             Requested size: 352.8155pt x 72.76884pt.
 [15] [16 <./fig/bpu_rule.png>]
Overfull \hbox (4.71715pt too wide) in paragraph at lines 593--593
[] 
 []

[17] [18] [19]
Chapter 4.
[20

]
Chapter 5.
)
Package atveryend Info: Empty hook `BeforeClearDocument' on input line 189.
 [21

]
Package atveryend Info: Empty hook `AfterLastShipout' on input line 189.
 (./homebook.aux)
Package atveryend Info: Executing hook `AtVeryEndDocument' on input line 189.
Package atveryend Info: Executing hook `AtEndAfterFileList' on input line 189.
Package rerunfilecheck Info: File `homebook.out' has not changed.
(rerunfilecheck)             Checksum: AA8400495E218695CE266F4F7D9B9281;2000.
Package atveryend Info: Empty hook `AtVeryVeryEnd' on input line 189.
 ) 
Here is how much of TeX's memory you used:
 8669 strings out of 493117
 122382 string characters out of 6135439
 245084 words of memory out of 5000000
 11913 multiletter control sequences out of 15000+600000
 9027 words of font info for 34 fonts, out of 8000000 for 9000
 1141 hyphenation exceptions out of 8191
 29i,12n,43p,254b,404s stack positions out of 5000i,500n,10000p,200000b,80000s
</usr/local/texlive/2014/texmf-dist/fonts/type1/public/amsfonts/cm/cmbx10.pfb
></usr/local/texlive/2014/texmf-dist/fonts/type1/public/amsfonts/cm/cmbx12.pfb>
</usr/local/texlive/2014/texmf-dist/fonts/type1/public/amsfonts/cm/cmmi10.pfb><
/usr/local/texlive/2014/texmf-dist/fonts/type1/public/amsfonts/cm/cmmi7.pfb></u
sr/local/texlive/2014/texmf-dist/fonts/type1/public/amsfonts/cm/cmr10.pfb></usr
/local/texlive/2014/texmf-dist/fonts/type1/public/amsfonts/cm/cmr12.pfb></usr/l
ocal/texlive/2014/texmf-dist/fonts/type1/public/amsfonts/cm/cmr17.pfb></usr/loc
al/texlive/2014/texmf-dist/fonts/type1/public/amsfonts/cm/cmr7.pfb></usr/local/
texlive/2014/texmf-dist/fonts/type1/public/amsfonts/cm/cmss17.pfb></usr/local/t
exlive/2014/texmf-dist/fonts/type1/public/amsfonts/cm/cmsy10.pfb></usr/local/te
xlive/2014/texmf-dist/fonts/type1/public/amsfonts/cm/cmsy7.pfb></usr/local/texl
ive/2014/texmf-dist/fonts/type1/public/amsfonts/cm/cmti10.pfb>
Output written on homebook.pdf (24 pages, 2829478 bytes).
PDF statistics:
 414 PDF objects out of 1000 (max. 8388607)
 353 compressed objects within 4 object streams
 87 named destinations out of 1000 (max. 500000)
 339 words of extra memory for PDF output out of 10000 (max. 10000000)

